Will not apply HSTS. The HSTS database must be a regular and non-world-writable file.
ERROR: could not open HSTS store at '/var/services/homes/MyAdmin/.wget-hsts'. HSTS will be disabled.
--2022-05-24 18:31:57--  http://i1.hdslb.com/bfs/archive/6eda56591749b77b445d0a1ae05b5cbc91ce60e2.jpg
Resolving i1.hdslb.com... 2408:8748:a101:400::6, 2408:8719:5f01:1:3::7, 153.35.175.1
Connecting to i1.hdslb.com|2408:8748:a101:400::6|:80... connected.
HTTP request sent, awaiting response... 200 OK
Length: 65595 (64K) [image/jpeg]
Saving to: '/volume3/\350\277\205\351\233\267/\344\270\213\350\275\275B\347\253\231/\350\266\205 \347\272\247 \346\225\217 \346\204\237 (\343\203\216\342\226\275\343\200\203)/6eda56591749b77b445d0a1ae05b5cbc91ce60e2.jpg'

     0K .......... .......... .......... .......... .......... 78% 1.40M 0s
    50K .......... ....                                       100% 1.20M=0.05s

2022-05-24 18:31:57 (1.35 MB/s) - '/volume3/\350\277\205\351\233\267/\344\270\213\350\275\275B\347\253\231/\350\266\205 \347\272\247 \346\225\217 \346\204\237 (\343\203\216\342\226\275\343\200\203)/6eda56591749b77b445d0a1ae05b5cbc91ce60e2.jpg' saved [65595/65595]

Will not apply HSTS. The HSTS database must be a regular and non-world-writable file.
ERROR: could not open HSTS store at '/var/services/homes/MyAdmin/.wget-hsts'. HSTS will be disabled.
--2022-05-24 18:33:35--  http://i1.hdslb.com/bfs/archive/6eda56591749b77b445d0a1ae05b5cbc91ce60e2.jpg
Resolving i1.hdslb.com... 2408:8719:5f01:1:3::7, 2408:8748:a101:400::6, 153.35.175.1
Connecting to i1.hdslb.com|2408:8719:5f01:1:3::7|:80... connected.
HTTP request sent, awaiting response... 200 OK
Length: 65595 (64K) [image/jpeg]
Saving to: '/volume3/\350\277\205\351\233\267/\344\270\213\350\275\275B\347\253\231/\350\266\205 \347\272\247 \346\225\217 \346\204\237 (\343\203\216\342\226\275\343\200\203)/6eda56591749b77b445d0a1ae05b5cbc91ce60e2.jpg.1'

     0K .......... .......... .......... .......... .......... 78% 1.75M 0s
    50K .......... ....                                       100% 1.30M=0.04s

2022-05-24 18:33:35 (1.63 MB/s) - '/volume3/\350\277\205\351\233\267/\344\270\213\350\275\275B\347\253\231/\350\266\205 \347\272\247 \346\225\217 \346\204\237 (\343\203\216\342\226\275\343\200\203)/6eda56591749b77b445d0a1ae05b5cbc91ce60e2.jpg.1' saved [65595/65595]

Will not apply HSTS. The HSTS database must be a regular and non-world-writable file.
ERROR: could not open HSTS store at '/var/services/homes/MyAdmin/.wget-hsts'. HSTS will be disabled.
--2022-05-24 18:35:04--  http://i1.hdslb.com/bfs/archive/6eda56591749b77b445d0a1ae05b5cbc91ce60e2.jpg
Resolving i1.hdslb.com... 2408:8719:5f01:1:3::7, 2408:8748:a101:400::6, 153.35.175.1
Connecting to i1.hdslb.com|2408:8719:5f01:1:3::7|:80... connected.
HTTP request sent, awaiting response... 200 OK
Length: 65595 (64K) [image/jpeg]
Saving to: '/volume3/\350\277\205\351\233\267/\344\270\213\350\275\275B\347\253\231/\350\266\205 \347\272\247 \346\225\217 \346\204\237 (\343\203\216\342\226\275\343\200\203)/6eda56591749b77b445d0a1ae05b5cbc91ce60e2.jpg.2'

     0K .......... .......... .......... .......... .......... 78% 2.18M 0s
    50K .......... ....                                       100%  695K=0.04s

2022-05-24 18:35:04 (1.47 MB/s) - '/volume3/\350\277\205\351\233\267/\344\270\213\350\275\275B\347\253\231/\350\266\205 \347\272\247 \346\225\217 \346\204\237 (\343\203\216\342\226\275\343\200\203)/6eda56591749b77b445d0a1ae05b5cbc91ce60e2.jpg.2' saved [65595/65595]

Will not apply HSTS. The HSTS database must be a regular and non-world-writable file.
ERROR: could not open HSTS store at '/var/services/homes/MyAdmin/.wget-hsts'. HSTS will be disabled.
--2022-05-24 18:38:10--  http://i1.hdslb.com/bfs/archive/6eda56591749b77b445d0a1ae05b5cbc91ce60e2.jpg
Resolving i1.hdslb.com... 2408:8748:a101:400::6, 2408:8719:5f01:1:3::7, 153.35.175.1
Connecting to i1.hdslb.com|2408:8748:a101:400::6|:80... connected.
HTTP request sent, awaiting response... 200 OK
Length: 65595 (64K) [image/jpeg]
Saving to: '/volume3/\350\277\205\351\233\267/\344\270\213\350\275\275B\347\253\231/\350\266\205 \347\272\247 \346\225\217 \346\204\237 (\343\203\216\342\226\275\343\200\203)/6eda56591749b77b445d0a1ae05b5cbc91ce60e2.jpg.3'

     0K .......... .......... .......... .......... .......... 78% 1.48M 0s
    50K .......... ....                                       100%  850K=0.05s

2022-05-24 18:38:10 (1.27 MB/s) - '/volume3/\350\277\205\351\233\267/\344\270\213\350\275\275B\347\253\231/\350\266\205 \347\272\247 \346\225\217 \346\204\237 (\343\203\216\342\226\275\343\200\203)/6eda56591749b77b445d0a1ae05b5cbc91ce60e2.jpg.3' saved [65595/65595]

Will not apply HSTS. The HSTS database must be a regular and non-world-writable file.
ERROR: could not open HSTS store at '/var/services/homes/MyAdmin/.wget-hsts'. HSTS will be disabled.
--2022-05-24 18:39:16--  http://i1.hdslb.com/bfs/archive/6eda56591749b77b445d0a1ae05b5cbc91ce60e2.jpg
Resolving i1.hdslb.com... 2408:8719:5f01:1:3::7, 2408:8748:a101:400::6, 153.35.175.1
Connecting to i1.hdslb.com|2408:8719:5f01:1:3::7|:80... connected.
HTTP request sent, awaiting response... 200 OK
Length: 65595 (64K) [image/jpeg]
Saving to: '/volume3/\350\277\205\351\233\267/\344\270\213\350\275\275B\347\253\231/\350\266\205 \347\272\247 \346\225\217 \346\204\237 (\343\203\216\342\226\275\343\200\203)/6eda56591749b77b445d0a1ae05b5cbc91ce60e2.jpg.4'

     0K .......... .......... .......... .......... .......... 78% 1.62M 0s
    50K .......... ....                                       100%  514K=0.06s

2022-05-24 18:39:16 (1.09 MB/s) - '/volume3/\350\277\205\351\233\267/\344\270\213\350\275\275B\347\253\231/\350\266\205 \347\272\247 \346\225\217 \346\204\237 (\343\203\216\342\226\275\343\200\203)/6eda56591749b77b445d0a1ae05b5cbc91ce60e2.jpg.4' saved [65595/65595]

Will not apply HSTS. The HSTS database must be a regular and non-world-writable file.
ERROR: could not open HSTS store at '/var/services/homes/MyAdmin/.wget-hsts'. HSTS will be disabled.
--2022-05-24 18:41:11--  http://i1.hdslb.com/bfs/archive/6eda56591749b77b445d0a1ae05b5cbc91ce60e2.jpg
Resolving i1.hdslb.com... 2408:8719:5f01:1:3::7, 2408:8748:a101:400::6, 153.35.175.1
Connecting to i1.hdslb.com|2408:8719:5f01:1:3::7|:80... connected.
HTTP request sent, awaiting response... 200 OK
Length: 65595 (64K) [image/jpeg]
Saving to: '/volume3/\350\277\205\351\233\267/\344\270\213\350\275\275B\347\253\231/\350\266\205 \347\272\247 \346\225\217 \346\204\237 (\343\203\216\342\226\275\343\200\203)/6eda56591749b77b445d0a1ae05b5cbc91ce60e2.jpg.5'

     0K .......... .......... .......... .......... .......... 78% 2.19M 0s
    50K .......... ....                                       100%  695K=0.04s

2022-05-24 18:41:11 (1.47 MB/s) - '/volume3/\350\277\205\351\233\267/\344\270\213\350\275\275B\347\253\231/\350\266\205 \347\272\247 \346\225\217 \346\204\237 (\343\203\216\342\226\275\343\200\203)/6eda56591749b77b445d0a1ae05b5cbc91ce60e2.jpg.5' saved [65595/65595]

Will not apply HSTS. The HSTS database must be a regular and non-world-writable file.
ERROR: could not open HSTS store at '/var/services/homes/MyAdmin/.wget-hsts'. HSTS will be disabled.
--2022-05-24 18:42:55--  http://i1.hdslb.com/bfs/archive/6eda56591749b77b445d0a1ae05b5cbc91ce60e2.jpg
Resolving i1.hdslb.com... 2408:8719:5f01:1:3::7, 2408:8748:a101:400::6, 153.35.175.1
Connecting to i1.hdslb.com|2408:8719:5f01:1:3::7|:80... connected.
HTTP request sent, awaiting response... 200 OK
Length: 65595 (64K) [image/jpeg]
Saving to: '/volume3/\350\277\205\351\233\267/\344\270\213\350\275\275B\347\253\231/\350\266\205 \347\272\247 \346\225\217 \346\204\237 (\343\203\216\342\226\275\343\200\203)/6eda56591749b77b445d0a1ae05b5cbc91ce60e2.jpg.6'

     0K .......... .......... .......... .......... .......... 78% 1.73M 0s
    50K .......... ....                                       100% 1.26M=0.04s

2022-05-24 18:42:55 (1.60 MB/s) - '/volume3/\350\277\205\351\233\267/\344\270\213\350\275\275B\347\253\231/\350\266\205 \347\272\247 \346\225\217 \346\204\237 (\343\203\216\342\226\275\343\200\203)/6eda56591749b77b445d0a1ae05b5cbc91ce60e2.jpg.6' saved [65595/65595]

Will not apply HSTS. The HSTS database must be a regular and non-world-writable file.
ERROR: could not open HSTS store at '/var/services/homes/MyAdmin/.wget-hsts'. HSTS will be disabled.
--2022-05-24 18:45:54--  http://i1.hdslb.com/bfs/archive/6eda56591749b77b445d0a1ae05b5cbc91ce60e2.jpg
Resolving i1.hdslb.com... 2408:8748:a101:400::6, 2408:8719:5f01:1:3::7, 153.35.175.1
Connecting to i1.hdslb.com|2408:8748:a101:400::6|:80... connected.
HTTP request sent, awaiting response... 200 OK
Length: 65595 (64K) [image/jpeg]
Saving to: '/volume3/\350\277\205\351\233\267/\344\270\213\350\275\275B\347\253\231/\350\266\205 \347\272\247 \346\225\217 \346\204\237 (\343\203\216\342\226\275\343\200\203)/6eda56591749b77b445d0a1ae05b5cbc91ce60e2.jpg'

     0K .......... .......... .......... .......... .......... 78% 1.49M 0s
    50K .......... ....                                       100%  828K=0.05s

2022-05-24 18:45:54 (1.26 MB/s) - '/volume3/\350\277\205\351\233\267/\344\270\213\350\275\275B\347\253\231/\350\266\205 \347\272\247 \346\225\217 \346\204\237 (\343\203\216\342\226\275\343\200\203)/6eda56591749b77b445d0a1ae05b5cbc91ce60e2.jpg' saved [65595/65595]

Will not apply HSTS. The HSTS database must be a regular and non-world-writable file.
ERROR: could not open HSTS store at '/var/services/homes/MyAdmin/.wget-hsts'. HSTS will be disabled.
--2022-05-24 18:47:36--  http://i1.hdslb.com/bfs/archive/6eda56591749b77b445d0a1ae05b5cbc91ce60e2.jpg
Resolving i1.hdslb.com... 2408:8748:a101:400::6, 2408:8719:5f01:1:3::7, 153.35.175.1
Connecting to i1.hdslb.com|2408:8748:a101:400::6|:80... connected.
HTTP request sent, awaiting response... 200 OK
Length: 65595 (64K) [image/jpeg]
Saving to: '/volume3/\350\277\205\351\233\267/\344\270\213\350\275\275B\347\253\231/\350\266\205 \347\272\247 \346\225\217 \346\204\237 (\343\203\216\342\226\275\343\200\203)/6eda56591749b77b445d0a1ae05b5cbc91ce60e2.jpg'

     0K .......... .......... .......... .......... .......... 78% 1.47M 0s
    50K .......... ....                                       100%  867K=0.05s

2022-05-24 18:47:36 (1.27 MB/s) - '/volume3/\350\277\205\351\233\267/\344\270\213\350\275\275B\347\253\231/\350\266\205 \347\272\247 \346\225\217 \346\204\237 (\343\203\216\342\226\275\343\200\203)/6eda56591749b77b445d0a1ae05b5cbc91ce60e2.jpg' saved [65595/65595]

Will not apply HSTS. The HSTS database must be a regular and non-world-writable file.
ERROR: could not open HSTS store at '/var/services/homes/MyAdmin/.wget-hsts'. HSTS will be disabled.
--2022-05-24 18:48:35--  http://i1.hdslb.com/bfs/archive/6eda56591749b77b445d0a1ae05b5cbc91ce60e2.jpg
Resolving i1.hdslb.com... 2408:8719:5f01:1:3::7, 2408:8748:a101:400::6, 153.35.175.1
Connecting to i1.hdslb.com|2408:8719:5f01:1:3::7|:80... connected.
HTTP request sent, awaiting response... 200 OK
Length: 65595 (64K) [image/jpeg]
Saving to: '/volume3/\350\277\205\351\233\267/\344\270\213\350\275\275B\347\253\231/\350\266\205 \347\272\247 \346\225\217 \346\204\237 (\343\203\216\342\226\275\343\200\203)/6eda56591749b77b445d0a1ae05b5cbc91ce60e2.jpg'

     0K .......... .......... .......... .......... .......... 78% 1.95M 0s
    50K .......... ....                                       100%  626K=0.05s

2022-05-24 18:48:35 (1.32 MB/s) - '/volume3/\350\277\205\351\233\267/\344\270\213\350\275\275B\347\253\231/\350\266\205 \347\272\247 \346\225\217 \346\204\237 (\343\203\216\342\226\275\343\200\203)/6eda56591749b77b445d0a1ae05b5cbc91ce60e2.jpg' saved [65595/65595]

Will not apply HSTS. The HSTS database must be a regular and non-world-writable file.
ERROR: could not open HSTS store at '/var/services/homes/MyAdmin/.wget-hsts'. HSTS will be disabled.
--2022-05-24 18:51:05--  http://i1.hdslb.com/bfs/archive/6eda56591749b77b445d0a1ae05b5cbc91ce60e2.jpg
Resolving i1.hdslb.com... 2408:8719:5f01:1:3::7, 2408:8748:a101:400::6, 153.35.175.1
Connecting to i1.hdslb.com|2408:8719:5f01:1:3::7|:80... connected.
HTTP request sent, awaiting response... 200 OK
Length: 65595 (64K) [image/jpeg]
Saving to: '/volume3/\350\277\205\351\233\267/\344\270\213\350\275\275B\347\253\231/\350\266\205 \347\272\247 \346\225\217 \346\204\237 (\343\203\216\342\226\275\343\200\203)/6eda56591749b77b445d0a1ae05b5cbc91ce60e2.jpg'

     0K .......... .......... .......... .......... .......... 78% 1.67M 0s
    50K .......... ....                                       100%  939K=0.04s

2022-05-24 18:51:05 (1.41 MB/s) - '/volume3/\350\277\205\351\233\267/\344\270\213\350\275\275B\347\253\231/\350\266\205 \347\272\247 \346\225\217 \346\204\237 (\343\203\216\342\226\275\343\200\203)/6eda56591749b77b445d0a1ae05b5cbc91ce60e2.jpg' saved [65595/65595]

Will not apply HSTS. The HSTS database must be a regular and non-world-writable file.
ERROR: could not open HSTS store at '/var/services/homes/MyAdmin/.wget-hsts'. HSTS will be disabled.
--2022-05-24 18:52:26--  http://i1.hdslb.com/bfs/archive/6eda56591749b77b445d0a1ae05b5cbc91ce60e2.jpg
Resolving i1.hdslb.com... 2408:8748:a101:400::6, 2408:8719:5f01:1:3::7, 153.35.175.1
Connecting to i1.hdslb.com|2408:8748:a101:400::6|:80... connected.
HTTP request sent, awaiting response... 200 OK
Length: 65595 (64K) [image/jpeg]
Saving to: '/volume3/\350\277\205\351\233\267/\344\270\213\350\275\275B\347\253\231/\350\266\205 \347\272\247 \346\225\217 \346\204\237 (\343\203\216\342\226\275\343\200\203)/6eda56591749b77b445d0a1ae05b5cbc91ce60e2.jpg'

     0K .......... .......... .......... .......... .......... 78% 1.44M 0s
    50K .......... ....                                       100%  831K=0.05s

2022-05-24 18:52:26 (1.23 MB/s) - '/volume3/\350\277\205\351\233\267/\344\270\213\350\275\275B\347\253\231/\350\266\205 \347\272\247 \346\225\217 \346\204\237 (\343\203\216\342\226\275\343\200\203)/6eda56591749b77b445d0a1ae05b5cbc91ce60e2.jpg' saved [65595/65595]

Will not apply HSTS. The HSTS database must be a regular and non-world-writable file.
ERROR: could not open HSTS store at '/var/services/homes/MyAdmin/.wget-hsts'. HSTS will be disabled.
--2022-05-24 19:01:02--  http://i1.hdslb.com/bfs/archive/6eda56591749b77b445d0a1ae05b5cbc91ce60e2.jpg
Resolving i1.hdslb.com... 2408:8748:a101:400::6, 2408:8719:5f01:1:3::7, 153.35.175.1
Connecting to i1.hdslb.com|2408:8748:a101:400::6|:80... connected.
HTTP request sent, awaiting response... 200 OK
Length: 65595 (64K) [image/jpeg]
Saving to: '/volume3/\350\277\205\351\233\267/\344\270\213\350\275\275B\347\253\231/\350\266\205 \347\272\247 \346\225\217 \346\204\237 (\343\203\216\342\226\275\343\200\203)/6eda56591749b77b445d0a1ae05b5cbc91ce60e2.jpg'

     0K .......... .......... .......... .......... .......... 78% 1.49M 0s
    50K .......... ....                                       100%  878K=0.05s

2022-05-24 19:01:02 (1.28 MB/s) - '/volume3/\350\277\205\351\233\267/\344\270\213\350\275\275B\347\253\231/\350\266\205 \347\272\247 \346\225\217 \346\204\237 (\343\203\216\342\226\275\343\200\203)/6eda56591749b77b445d0a1ae05b5cbc91ce60e2.jpg' saved [65595/65595]

Will not apply HSTS. The HSTS database must be a regular and non-world-writable file.
ERROR: could not open HSTS store at '/var/services/homes/MyAdmin/.wget-hsts'. HSTS will be disabled.
--2022-05-24 19:03:43--  http://i1.hdslb.com/bfs/archive/6eda56591749b77b445d0a1ae05b5cbc91ce60e2.jpg
Resolving i1.hdslb.com... 2408:8748:a101:400::6, 2408:8719:5f01:1:3::7, 153.35.175.1
Connecting to i1.hdslb.com|2408:8748:a101:400::6|:80... connected.
HTTP request sent, awaiting response... 200 OK
Length: 65595 (64K) [image/jpeg]
Saving to: '/volume3/\350\277\205\351\233\267/\344\270\213\350\275\275B\347\253\231/\350\266\205 \347\272\247 \346\225\217 \346\204\237 (\343\203\216\342\226\275\343\200\203)/6eda56591749b77b445d0a1ae05b5cbc91ce60e2.jpg'

     0K .......... .......... .......... .......... .......... 78% 1.89M 0s
    50K .......... ....                                       100%  635K=0.05s

2022-05-24 19:03:43 (1.31 MB/s) - '/volume3/\350\277\205\351\233\267/\344\270\213\350\275\275B\347\253\231/\350\266\205 \347\272\247 \346\225\217 \346\204\237 (\343\203\216\342\226\275\343\200\203)/6eda56591749b77b445d0a1ae05b5cbc91ce60e2.jpg' saved [65595/65595]

Will not apply HSTS. The HSTS database must be a regular and non-world-writable file.
ERROR: could not open HSTS store at '/var/services/homes/MyAdmin/.wget-hsts'. HSTS will be disabled.
--2022-05-24 19:05:22--  http://i1.hdslb.com/bfs/archive/6eda56591749b77b445d0a1ae05b5cbc91ce60e2.jpg
Resolving i1.hdslb.com... 2408:8748:a101:400::6, 2408:8719:5f01:1:3::7, 153.35.175.1
Connecting to i1.hdslb.com|2408:8748:a101:400::6|:80... connected.
HTTP request sent, awaiting response... 200 OK
Length: 65595 (64K) [image/jpeg]
Saving to: '/volume3/\350\277\205\351\233\267/\344\270\213\350\275\275B\347\253\231/\350\266\205 \347\272\247 \346\225\217 \346\204\237 (\343\203\216\342\226\275\343\200\203)/6eda56591749b77b445d0a1ae05b5cbc91ce60e2.jpg'

     0K .......... .......... .......... .......... .......... 78% 1.53M 0s
    50K .......... ....                                       100%  875K=0.05s

2022-05-24 19:05:22 (1.31 MB/s) - '/volume3/\350\277\205\351\233\267/\344\270\213\350\275\275B\347\253\231/\350\266\205 \347\272\247 \346\225\217 \346\204\237 (\343\203\216\342\226\275\343\200\203)/6eda56591749b77b445d0a1ae05b5cbc91ce60e2.jpg' saved [65595/65595]

Will not apply HSTS. The HSTS database must be a regular and non-world-writable file.
ERROR: could not open HSTS store at '/var/services/homes/MyAdmin/.wget-hsts'. HSTS will be disabled.
--2022-05-24 19:08:21--  http://i1.hdslb.com/bfs/archive/6eda56591749b77b445d0a1ae05b5cbc91ce60e2.jpg
Resolving i1.hdslb.com... 2408:8719:5f01:1:3::7, 2408:8748:a101:400::6, 153.35.175.1
Connecting to i1.hdslb.com|2408:8719:5f01:1:3::7|:80... connected.
HTTP request sent, awaiting response... 200 OK
Length: 65595 (64K) [image/jpeg]
Saving to: '/volume3/\350\277\205\351\233\267/\344\270\213\350\275\275B\347\253\231/\350\266\205 \347\272\247 \346\225\217 \346\204\237 (\343\203\216\342\226\275\343\200\203)/6eda56591749b77b445d0a1ae05b5cbc91ce60e2.jpg'

     0K .......... .......... .......... .......... .......... 78% 1.67M 0s
    50K .......... ....                                       100%  940K=0.04s

2022-05-24 19:08:21 (1.42 MB/s) - '/volume3/\350\277\205\351\233\267/\344\270\213\350\275\275B\347\253\231/\350\266\205 \347\272\247 \346\225\217 \346\204\237 (\343\203\216\342\226\275\343\200\203)/6eda56591749b77b445d0a1ae05b5cbc91ce60e2.jpg' saved [65595/65595]

Will not apply HSTS. The HSTS database must be a regular and non-world-writable file.
ERROR: could not open HSTS store at '/var/services/homes/MyAdmin/.wget-hsts'. HSTS will be disabled.
--2022-05-24 19:27:59--  http://i1.hdslb.com/bfs/archive/6eda56591749b77b445d0a1ae05b5cbc91ce60e2.jpg
Resolving i1.hdslb.com... 2408:8719:5f01:1:3::7, 2408:8748:a101:400::6, 153.35.175.1
Connecting to i1.hdslb.com|2408:8719:5f01:1:3::7|:80... connected.
HTTP request sent, awaiting response... 200 OK
Length: 65595 (64K) [image/jpeg]
Saving to: '/volume3/\350\277\205\351\233\267/\344\270\213\350\275\275B\347\253\231/\350\266\205 \347\272\247 \346\225\217 \346\204\237 (\343\203\216\342\226\275\343\200\203)/6eda56591749b77b445d0a1ae05b5cbc91ce60e2.jpg'

     0K .......... .......... .......... .......... .......... 78% 2.13M 0s
    50K .......... ....                                       100%  691K=0.04s

2022-05-24 19:27:59 (1.45 MB/s) - '/volume3/\350\277\205\351\233\267/\344\270\213\350\275\275B\347\253\231/\350\266\205 \347\272\247 \346\225\217 \346\204\237 (\343\203\216\342\226\275\343\200\203)/6eda56591749b77b445d0a1ae05b5cbc91ce60e2.jpg' saved [65595/65595]

